21:37:18  | training dataset: ./result_thre/finefs| INFO
21:40:56  | epoch 1: best tes loss: 355.5210301031828, best pcs loss: 289.04224327642424| INFO
21:40:56  | epoch 1: best tes spearman: 0.6545272765161362, best pcs spearman: 0.7231798164691604| INFO
21:44:35  | epoch 2: best tes loss: 331.66353060071987, best pcs loss: 239.07890422777155| INFO
21:44:35  | epoch 2: best tes spearman: 0.6545272765161362, best pcs spearman: 0.7370795019678217| INFO
21:48:19  | epoch 3: best tes loss: 299.9062991073233, best pcs loss: 191.62556826302773| INFO
21:48:19  | epoch 3: best tes spearman: 0.683363420739003, best pcs spearman: 0.7872924787539195| INFO
21:51:59  | epoch 4: best tes loss: 230.7186423070668, best pcs loss: 148.20142380123497| INFO
21:51:59  | epoch 4: best tes spearman: 0.7101456605063583, best pcs spearman: 0.796998188667175| INFO
21:55:42  | epoch 5: best tes loss: 230.7186423070668, best pcs loss: 148.20142380123497| INFO
21:55:42  | epoch 5: best tes spearman: 0.7101456605063583, best pcs spearman: 0.796998188667175| INFO
21:59:21  | epoch 6: best tes loss: 230.7186423070668, best pcs loss: 148.20142380123497| INFO
21:59:21  | epoch 6: best tes spearman: 0.7212103332092376, best pcs spearman: 0.796998188667175| INFO
22:03:05  | epoch 7: best tes loss: 206.82810986994937, best pcs loss: 130.33701843497022| INFO
22:03:05  | epoch 7: best tes spearman: 0.7212103332092376, best pcs spearman: 0.796998188667175| INFO
22:06:48  | epoch 8: best tes loss: 184.51174564185973, best pcs loss: 126.27176438879175| INFO
22:06:48  | epoch 8: best tes spearman: 0.7489647356874095, best pcs spearman: 0.8048874145143534| INFO
22:51:05  | training dataset: ./result_thre/finefs| INFO
12:48:52  | training dataset: ./result_thre/finefs| INFO
12:53:37  | epoch 1: best tes loss: 148.72243442427134, best pcs loss: 92.30741394415566| INFO
12:53:37  | epoch 1: best tes spearman: 0.8264848778591818, best pcs spearman: 0.7872320697710569| INFO
12:58:24  | epoch 2: best tes loss: 148.72243442427134, best pcs loss: 74.4803726831767| INFO
12:58:24  | epoch 2: best tes spearman: 0.8887238959561123, best pcs spearman: 0.9105890859232149| INFO
13:03:07  | epoch 3: best tes loss: 99.22263582259427, best pcs loss: 49.73295099786827| INFO
13:03:07  | epoch 3: best tes spearman: 0.9108588607995056, best pcs spearman: 0.9314166046968304| INFO
13:07:47  | epoch 4: best tes loss: 99.22263582259427, best pcs loss: 49.73295099786827| INFO
13:07:47  | epoch 4: best tes spearman: 0.917810105153727, best pcs spearman: 0.9423108262264058| INFO
13:12:27  | epoch 5: best tes loss: 69.56348716952782, best pcs loss: 31.436169823295955| INFO
13:12:27  | epoch 5: best tes spearman: 0.917810105153727, best pcs spearman: 0.9445052176503911| INFO
13:17:05  | epoch 6: best tes loss: 69.56348716952782, best pcs loss: 31.436169823295955| INFO
13:17:05  | epoch 6: best tes spearman: 0.9224114880036716, best pcs spearman: 0.9477593418512602| INFO
13:21:43  | epoch 7: best tes loss: 59.85981937621633, best pcs loss: 27.284931356147165| INFO
13:21:43  | epoch 7: best tes spearman: 0.9224114880036716, best pcs spearman: 0.9477593418512602| INFO
13:26:24  | epoch 8: best tes loss: 59.414912438132546, best pcs loss: 27.284931356147165| INFO
13:26:24  | epoch 8: best tes spearman: 0.9234904200295492, best pcs spearman: 0.9477593418512602| INFO
13:31:04  | epoch 9: best tes loss: 52.33074646679541, best pcs loss: 26.364748818601118| INFO
13:31:04  | epoch 9: best tes spearman: 0.9282463374144501, best pcs spearman: 0.947907320444939| INFO
13:35:43  | epoch 10: best tes loss: 43.542148751200045, best pcs loss: 26.364748818601118| INFO
13:35:43  | epoch 10: best tes spearman: 0.9282463374144501, best pcs spearman: 0.948769904525814| INFO
13:40:22  | epoch 11: best tes loss: 43.542148751200045, best pcs loss: 26.364748818601118| INFO
13:40:22  | epoch 11: best tes spearman: 0.9282463374144501, best pcs spearman: 0.9528866128075584| INFO
13:45:01  | epoch 12: best tes loss: 43.542148751200045, best pcs loss: 26.364748818601118| INFO
13:45:01  | epoch 12: best tes spearman: 0.9282463374144501, best pcs spearman: 0.9594805576733574| INFO
13:49:40  | epoch 13: best tes loss: 42.56447252673332, best pcs loss: 17.61152213234499| INFO
13:49:40  | epoch 13: best tes spearman: 0.9282463374144501, best pcs spearman: 0.962113733724802| INFO
13:54:18  | epoch 14: best tes loss: 42.56447252673332, best pcs loss: 17.61152213234499| INFO
13:54:18  | epoch 14: best tes spearman: 0.9312658485702046, best pcs spearman: 0.962113733724802| INFO
13:58:59  | epoch 15: best tes loss: 42.56447252673332, best pcs loss: 17.61152213234499| INFO
13:58:59  | epoch 15: best tes spearman: 0.9312658485702046, best pcs spearman: 0.9638211069923754| INFO
14:03:37  | epoch 16: best tes loss: 42.56447252673332, best pcs loss: 17.61152213234499| INFO
14:03:37  | epoch 16: best tes spearman: 0.9312658485702046, best pcs spearman: 0.9638211069923754| INFO
14:08:16  | epoch 17: best tes loss: 42.56447252673332, best pcs loss: 17.61152213234499| INFO
14:08:16  | epoch 17: best tes spearman: 0.9312658485702046, best pcs spearman: 0.9638211069923754| INFO
14:12:55  | epoch 18: best tes loss: 42.56447252673332, best pcs loss: 17.61152213234499| INFO
14:12:55  | epoch 18: best tes spearman: 0.933729971973055, best pcs spearman: 0.9638211069923754| INFO
14:17:36  | epoch 19: best tes loss: 42.56447252673332, best pcs loss: 17.61152213234499| INFO
14:17:36  | epoch 19: best tes spearman: 0.933729971973055, best pcs spearman: 0.9638211069923754| INFO
14:22:16  | epoch 20: best tes loss: 42.56447252673332, best pcs loss: 17.61152213234499| INFO
14:22:16  | epoch 20: best tes spearman: 0.933729971973055, best pcs spearman: 0.9638211069923754| INFO
14:26:57  | epoch 21: best tes loss: 42.56447252673332, best pcs loss: 17.61152213234499| INFO
14:26:57  | epoch 21: best tes spearman: 0.933729971973055, best pcs spearman: 0.9638211069923754| INFO
14:31:35  | epoch 22: best tes loss: 42.353071467810906, best pcs loss: 16.249406866786472| INFO
14:31:35  | epoch 22: best tes spearman: 0.933729971973055, best pcs spearman: 0.9648386939672622| INFO
14:36:16  | epoch 23: best tes loss: 42.32578854018593, best pcs loss: 16.249406866786472| INFO
14:36:16  | epoch 23: best tes spearman: 0.933729971973055, best pcs spearman: 0.9648386939672622| INFO
14:40:56  | epoch 24: best tes loss: 42.32578854018593, best pcs loss: 16.249406866786472| INFO
14:40:56  | epoch 24: best tes spearman: 0.933729971973055, best pcs spearman: 0.9648386939672622| INFO
14:45:38  | epoch 25: best tes loss: 42.32578854018593, best pcs loss: 16.249406866786472| INFO
14:45:38  | epoch 25: best tes spearman: 0.933729971973055, best pcs spearman: 0.9648386939672622| INFO
14:50:19  | epoch 26: best tes loss: 42.32578854018593, best pcs loss: 16.249406866786472| INFO
14:50:19  | epoch 26: best tes spearman: 0.933729971973055, best pcs spearman: 0.9648386939672622| INFO
14:55:00  | epoch 27: best tes loss: 42.32578854018593, best pcs loss: 16.249406866786472| INFO
14:55:00  | epoch 27: best tes spearman: 0.933729971973055, best pcs spearman: 0.9648386939672622| INFO
14:59:39  | epoch 28: best tes loss: 40.97245755237647, best pcs loss: 16.249406866786472| INFO
14:59:39  | epoch 28: best tes spearman: 0.933729971973055, best pcs spearman: 0.9649618533664317| INFO
15:04:18  | epoch 29: best tes loss: 40.97245755237647, best pcs loss: 16.249406866786472| INFO
15:04:18  | epoch 29: best tes spearman: 0.933729971973055, best pcs spearman: 0.9649618533664317| INFO
15:08:56  | epoch 30: best tes loss: 40.97245755237647, best pcs loss: 16.249406866786472| INFO
15:08:56  | epoch 30: best tes spearman: 0.933729971973055, best pcs spearman: 0.9656422739253414| INFO
15:13:35  | epoch 31: best tes loss: 40.97245755237647, best pcs loss: 16.249406866786472| INFO
15:13:35  | epoch 31: best tes spearman: 0.933729971973055, best pcs spearman: 0.9656422739253414| INFO
15:18:14  | epoch 32: best tes loss: 37.375115109861305, best pcs loss: 16.249406866786472| INFO
15:18:14  | epoch 32: best tes spearman: 0.933729971973055, best pcs spearman: 0.9656422739253414| INFO
15:22:53  | epoch 33: best tes loss: 37.375115109861305, best pcs loss: 16.249406866786472| INFO
15:22:53  | epoch 33: best tes spearman: 0.933729971973055, best pcs spearman: 0.9656422739253414| INFO
15:27:30  | epoch 34: best tes loss: 37.375115109861305, best pcs loss: 16.249406866786472| INFO
15:27:30  | epoch 34: best tes spearman: 0.933729971973055, best pcs spearman: 0.9660609222251797| INFO
15:32:08  | epoch 35: best tes loss: 37.375115109861305, best pcs loss: 16.249406866786472| INFO
15:32:08  | epoch 35: best tes spearman: 0.933729971973055, best pcs spearman: 0.9664041763681119| INFO
15:36:46  | epoch 36: best tes loss: 37.375115109861305, best pcs loss: 16.249406866786472| INFO
15:36:46  | epoch 36: best tes spearman: 0.933729971973055, best pcs spearman: 0.9664041763681119| INFO
15:41:23  | epoch 37: best tes loss: 37.375115109861305, best pcs loss: 16.249406866786472| INFO
15:41:23  | epoch 37: best tes spearman: 0.9354935388174362, best pcs spearman: 0.9691843944398576| INFO
15:46:00  | epoch 38: best tes loss: 37.375115109861305, best pcs loss: 16.249406866786472| INFO
15:46:00  | epoch 38: best tes spearman: 0.9354935388174362, best pcs spearman: 0.9691843944398576| INFO
15:50:38  | epoch 39: best tes loss: 37.375115109861305, best pcs loss: 14.860169395409141| INFO
15:50:38  | epoch 39: best tes spearman: 0.9377291384231391, best pcs spearman: 0.9691843944398576| INFO
15:55:17  | epoch 40: best tes loss: 37.375115109861305, best pcs loss: 14.860169395409141| INFO
15:55:17  | epoch 40: best tes spearman: 0.9377291384231391, best pcs spearman: 0.9691843944398576| INFO
16:00:00  | epoch 41: best tes loss: 37.375115109861305, best pcs loss: 14.860169395409141| INFO
16:00:00  | epoch 41: best tes spearman: 0.9377291384231391, best pcs spearman: 0.9691843944398576| INFO
16:04:39  | epoch 42: best tes loss: 37.375115109861305, best pcs loss: 14.860169395409141| INFO
16:04:39  | epoch 42: best tes spearman: 0.9377291384231391, best pcs spearman: 0.9691843944398576| INFO
16:09:20  | epoch 43: best tes loss: 37.375115109861305, best pcs loss: 14.860169395409141| INFO
16:09:20  | epoch 43: best tes spearman: 0.9377291384231391, best pcs spearman: 0.9691843944398576| INFO
16:14:01  | epoch 44: best tes loss: 37.375115109861305, best pcs loss: 14.860169395409141| INFO
16:14:01  | epoch 44: best tes spearman: 0.9377291384231391, best pcs spearman: 0.9691843944398576| INFO
16:18:40  | epoch 45: best tes loss: 37.375115109861305, best pcs loss: 14.860169395409141| INFO
16:18:40  | epoch 45: best tes spearman: 0.9377291384231391, best pcs spearman: 0.9691843944398576| INFO
16:23:18  | epoch 46: best tes loss: 37.375115109861305, best pcs loss: 14.860169395409141| INFO
16:23:18  | epoch 46: best tes spearman: 0.9377291384231391, best pcs spearman: 0.9691843944398576| INFO
16:28:00  | epoch 47: best tes loss: 37.375115109861305, best pcs loss: 14.860169395409141| INFO
16:28:00  | epoch 47: best tes spearman: 0.9377291384231391, best pcs spearman: 0.9691843944398576| INFO
16:32:37  | epoch 48: best tes loss: 37.375115109861305, best pcs loss: 14.860169395409141| INFO
16:32:37  | epoch 48: best tes spearman: 0.9377291384231391, best pcs spearman: 0.9691843944398576| INFO
16:37:14  | epoch 49: best tes loss: 37.375115109861305, best pcs loss: 14.860169395409141| INFO
16:37:14  | epoch 49: best tes spearman: 0.9377291384231391, best pcs spearman: 0.9691843944398576| INFO
16:41:52  | epoch 50: best tes loss: 37.375115109861305, best pcs loss: 14.860169395409141| INFO
16:41:52  | epoch 50: best tes spearman: 0.9377291384231391, best pcs spearman: 0.9691843944398576| INFO
16:41:55  | best tes loss: 37.375115109861305, best pcs loss: 14.860169395409141| INFO
16:41:55  | best tes spearman: 0.9377291384231391, best pcs spearman: 0.9691843944398576| INFO
18:11:33  | training dataset: ./result_thre/finefs| INFO
